<?xml version="1.0" encoding="UTF-8"?>
<!-- Generated by org.testng.reporters.JUnitReportReporter -->
<testsuite hostname="DESKTOP-NF0203B" failures="0" tests="1" name="pblogintestclass" time="31.698" errors="0" timestamp="2023-06-22T14:54:23 IST" skipped="0">
  <testcase classname="pblogintestclass" name="verifyfullname" time="31.698"/>
  <system-out/>
</testsuite> <!-- pblogintestclass -->
